0 info it worked if it ends with ok
1 verbose cli [ '/usr/local/bin/node',
1 verbose cli   '/usr/local/lib/node_modules/npm/bin/npm-cli.js',
1 verbose cli   'run',
1 verbose cli   'test-ci',
1 verbose cli   '--scripts-prepend-node-path=auto' ]
2 info using npm@4.1.1
3 info using node@v7.3.0
4 verbose run-script [ 'pretest-ci', 'test-ci', 'posttest-ci' ]
5 info lifecycle scheduler@0.0.1~pretest-ci: scheduler@0.0.1
6 silly lifecycle scheduler@0.0.1~pretest-ci: no script for pretest-ci, continuing
7 info lifecycle scheduler@0.0.1~test-ci: scheduler@0.0.1
8 verbose lifecycle scheduler@0.0.1~test-ci: unsafe-perm in lifecycle true
9 verbose lifecycle scheduler@0.0.1~test-ci: PATH: /usr/local/lib/node_modules/npm/bin/node-gyp-bin:/Users/neil/GitDevelopment/scheduler/node_modules/.bin:/Users/neil/.rvm/gems/ruby-2.3.0/bin:/Users/neil/.rvm/gems/ruby-2.3.0@global/bin:/Users/neil/.rvm/rubies/ruby-2.3.0/bin:/usr/local/sbin:/Users/neil/xctool/bin:/usr/local/bin:/usr/bin:/bin:/usr/sbin:/sbin:/usr/local/share/dotnet:/opt/X11/bin:/Applications/Server.app/Contents/ServerRoot/usr/bin:/Applications/Server.app/Contents/ServerRoot/usr/sbin:/Applications/Wireshark.app/Contents/MacOS:/usr/local/git/libexec/git-core:/usr/local/mysql/bin:/Applications/CMake.app/Contents/bin:/Applications/VirtualBox/Contents/MacOS:/Users/neil/bin:/Users/neil/pear/bin:/Applications/microchip/xc32/v1.40/bin:/Users/neil/.rvm/bin:/Applications/microchip/xc32/v1.40/bin
10 verbose lifecycle scheduler@0.0.1~test-ci: CWD: /Users/neil/GitDevelopment/scheduler
11 silly lifecycle scheduler@0.0.1~test-ci: Args: [ '-c', 'karma start ./test-config/karma.conf.js --single-run' ]
12 silly lifecycle scheduler@0.0.1~test-ci: Returned: code: 1  signal: null
13 info lifecycle scheduler@0.0.1~test-ci: Failed to exec test-ci script
14 verbose stack Error: scheduler@0.0.1 test-ci: `karma start ./test-config/karma.conf.js --single-run`
14 verbose stack Exit status 1
14 verbose stack     at EventEmitter.<anonymous> (/usr/local/lib/node_modules/npm/lib/utils/lifecycle.js:279:16)
14 verbose stack     at emitTwo (events.js:106:13)
14 verbose stack     at EventEmitter.emit (events.js:191:7)
14 verbose stack     at ChildProcess.<anonymous> (/usr/local/lib/node_modules/npm/lib/utils/spawn.js:40:14)
14 verbose stack     at emitTwo (events.js:106:13)
14 verbose stack     at ChildProcess.emit (events.js:191:7)
14 verbose stack     at maybeClose (internal/child_process.js:885:16)
14 verbose stack     at Process.ChildProcess._handle.onexit (internal/child_process.js:226:5)
15 verbose pkgid scheduler@0.0.1
16 verbose cwd /Users/neil/GitDevelopment/scheduler
17 error Darwin 17.3.0
18 error argv "/usr/local/bin/node" "/usr/local/lib/node_modules/npm/bin/npm-cli.js" "run" "test-ci" "--scripts-prepend-node-path=auto"
19 error node v7.3.0
20 error npm  v4.1.1
21 error code ELIFECYCLE
22 error scheduler@0.0.1 test-ci: `karma start ./test-config/karma.conf.js --single-run`
22 error Exit status 1
23 error Failed at the scheduler@0.0.1 test-ci script 'karma start ./test-config/karma.conf.js --single-run'.
23 error Make sure you have the latest version of node.js and npm installed.
23 error If you do, this is most likely a problem with the scheduler package,
23 error not with npm itself.
23 error Tell the author that this fails on your system:
23 error     karma start ./test-config/karma.conf.js --single-run
23 error You can get information on how to open an issue for this project with:
23 error     npm bugs scheduler
23 error Or if that isn't available, you can get their info via:
23 error     npm owner ls scheduler
23 error There is likely additional logging output above.
24 verbose exit [ 1, true ]
